{"C:\\Users\\rishi\\OneDrive\\Desktop\\todo-test\\src\\Todo.js": {"path":"C:\\Users\\rishi\\OneDrive\\Desktop\\todo-test\\src\\Todo.js","statementMap":{"0":{"start":{"line":3,"column":4},"end":{"line":3,"column":35}},"1":{"start":{"line":4,"column":4},"end":{"line":4,"column":29}},"2":{"start":{"line":5,"column":4},"end":{"line":5,"column":34}},"3":{"start":{"line":6,"column":4},"end":{"line":6,"column":25}},"4":{"start":{"line":7,"column":4},"end":{"line":7,"column":35}},"5":{"start":{"line":7,"column":25},"end":{"line":7,"column":34}},"6":{"start":{"line":11,"column":4},"end":{"line":15,"column":5}},"7":{"start":{"line":12,"column":6},"end":{"line":12,"column":28}},"8":{"start":{"line":14,"column":6},"end":{"line":14,"column":27}},"9":{"start":{"line":18,"column":0},"end":{"line":18,"column":15}}},"fnMap":{"0":{"name":"(anonymous_0)","decl":{"start":{"line":2,"column":2},"end":{"line":2,"column":3}},"loc":{"start":{"line":2,"column":45},"end":{"line":8,"column":3}},"line":2},"1":{"name":"(anonymous_1)","decl":{"start":{"line":7,"column":19},"end":{"line":7,"column":20}},"loc":{"start":{"line":7,"column":25},"end":{"line":7,"column":34}},"line":7},"2":{"name":"(anonymous_2)","decl":{"start":{"line":10,"column":2},"end":{"line":10,"column":3}},"loc":{"start":{"line":10,"column":11},"end":{"line":16,"column":3}},"line":10}},"branchMap":{"0":{"loc":{"start":{"line":2,"column":27},"end":{"line":2,"column":43}},"type":"default-arg","locations":[{"start":{"line":2,"column":38},"end":{"line":2,"column":43}}],"line":2},"1":{"loc":{"start":{"line":11,"column":4},"end":{"line":15,"column":5}},"type":"if","locations":[{"start":{"line":11,"column":4},"end":{"line":15,"column":5}},{"start":{"line":13,"column":11},"end":{"line":15,"column":5}}],"line":11}},"s":{"0":3,"1":3,"2":3,"3":3,"4":3,"5":0,"6":0,"7":0,"8":0,"9":1},"f":{"0":3,"1":0,"2":0},"b":{"0":[0],"1":[0,0]},"_coverageSchema":"1a1c01bbd47fc00a2c39e90264f33305004495a9","hash":"bf270ed1f0e71fbb30ef440a2cace314abb85377"}
,"C:\\Users\\rishi\\OneDrive\\Desktop\\todo-test\\src\\add.js": {"path":"C:\\Users\\rishi\\OneDrive\\Desktop\\todo-test\\src\\add.js","statementMap":{"0":{"start":{"line":4,"column":19},"end":{"line":4,"column":55}},"1":{"start":{"line":5,"column":2},"end":{"line":5,"column":24}},"2":{"start":{"line":5,"column":17},"end":{"line":5,"column":24}},"3":{"start":{"line":6,"column":2},"end":{"line":6,"column":26}},"4":{"start":{"line":8,"column":2},"end":{"line":69,"column":5}},"5":{"start":{"line":9,"column":21},"end":{"line":9,"column":49}},"6":{"start":{"line":10,"column":4},"end":{"line":10,"column":39}},"7":{"start":{"line":11,"column":4},"end":{"line":11,"column":42}},"8":{"start":{"line":13,"column":21},"end":{"line":13,"column":52}},"9":{"start":{"line":14,"column":4},"end":{"line":14,"column":36}},"10":{"start":{"line":15,"column":4},"end":{"line":15,"column":31}},"11":{"start":{"line":16,"column":4},"end":{"line":16,"column":37}},"12":{"start":{"line":18,"column":17},"end":{"line":18,"column":47}},"13":{"start":{"line":19,"column":4},"end":{"line":19,"column":40}},"14":{"start":{"line":21,"column":22},"end":{"line":21,"column":56}},"15":{"start":{"line":22,"column":4},"end":{"line":22,"column":38}},"16":{"start":{"line":23,"column":4},"end":{"line":23,"column":29}},"17":{"start":{"line":24,"column":4},"end":{"line":24,"column":39}},"18":{"start":{"line":26,"column":25},"end":{"line":26,"column":57}},"19":{"start":{"line":27,"column":4},"end":{"line":27,"column":33}},"20":{"start":{"line":28,"column":4},"end":{"line":28,"column":31}},"21":{"start":{"line":29,"column":4},"end":{"line":29,"column":45}},"22":{"start":{"line":31,"column":4},"end":{"line":31,"column":35}},"23":{"start":{"line":32,"column":4},"end":{"line":32,"column":31}},"24":{"start":{"line":33,"column":4},"end":{"line":33,"column":36}},"25":{"start":{"line":34,"column":4},"end":{"line":34,"column":39}},"26":{"start":{"line":36,"column":4},"end":{"line":39,"column":5}},"27":{"start":{"line":37,"column":6},"end":{"line":37,"column":37}},"28":{"start":{"line":38,"column":6},"end":{"line":38,"column":42}},"29":{"start":{"line":41,"column":4},"end":{"line":46,"column":7}},"30":{"start":{"line":42,"column":6},"end":{"line":42,"column":39}},"31":{"start":{"line":43,"column":6},"end":{"line":43,"column":40}},"32":{"start":{"line":44,"column":6},"end":{"line":44,"column":45}},"33":{"start":{"line":45,"column":6},"end":{"line":45,"column":66}},"34":{"start":{"line":48,"column":4},"end":{"line":52,"column":7}},"35":{"start":{"line":49,"column":6},"end":{"line":49,"column":34}},"36":{"start":{"line":50,"column":6},"end":{"line":50,"column":40}},"37":{"start":{"line":51,"column":6},"end":{"line":51,"column":24}},"38":{"start":{"line":54,"column":4},"end":{"line":60,"column":7}},"39":{"start":{"line":55,"column":6},"end":{"line":55,"column":35}},"40":{"start":{"line":56,"column":6},"end":{"line":56,"column":39}},"41":{"start":{"line":57,"column":6},"end":{"line":57,"column":41}},"42":{"start":{"line":58,"column":6},"end":{"line":58,"column":42}},"43":{"start":{"line":59,"column":6},"end":{"line":59,"column":66}},"44":{"start":{"line":62,"column":4},"end":{"line":66,"column":7}},"45":{"start":{"line":63,"column":6},"end":{"line":63,"column":33}},"46":{"start":{"line":64,"column":6},"end":{"line":64,"column":66}},"47":{"start":{"line":65,"column":6},"end":{"line":65,"column":17}},"48":{"start":{"line":68,"column":4},"end":{"line":68,"column":35}},"49":{"start":{"line":73,"column":2},"end":{"line":79,"column":3}},"50":{"start":{"line":74,"column":20},"end":{"line":74,"column":47}},"51":{"start":{"line":75,"column":4},"end":{"line":75,"column":28}},"52":{"start":{"line":76,"column":4},"end":{"line":76,"column":64}},"53":{"start":{"line":77,"column":4},"end":{"line":77,"column":20}},"54":{"start":{"line":78,"column":4},"end":{"line":78,"column":15}},"55":{"start":{"line":83,"column":2},"end":{"line":83,"column":57}},"56":{"start":{"line":83,"column":41},"end":{"line":83,"column":55}},"57":{"start":{"line":84,"column":2},"end":{"line":84,"column":62}},"58":{"start":{"line":85,"column":2},"end":{"line":85,"column":13}},"59":{"start":{"line":88,"column":0},"end":{"line":96,"column":3}},"60":{"start":{"line":89,"column":16},"end":{"line":89,"column":52}},"61":{"start":{"line":90,"column":26},"end":{"line":90,"column":63}},"62":{"start":{"line":92,"column":2},"end":{"line":92,"column":41}},"63":{"start":{"line":93,"column":2},"end":{"line":93,"column":55}},"64":{"start":{"line":95,"column":2},"end":{"line":95,"column":13}}},"fnMap":{"0":{"name":"fillList","decl":{"start":{"line":3,"column":16},"end":{"line":3,"column":24}},"loc":{"start":{"line":3,"column":27},"end":{"line":70,"column":1}},"line":3},"1":{"name":"(anonymous_1)","decl":{"start":{"line":8,"column":20},"end":{"line":8,"column":21}},"loc":{"start":{"line":8,"column":37},"end":{"line":69,"column":3}},"line":8},"2":{"name":"(anonymous_2)","decl":{"start":{"line":41,"column":40},"end":{"line":41,"column":41}},"loc":{"start":{"line":41,"column":46},"end":{"line":46,"column":5}},"line":41},"3":{"name":"(anonymous_3)","decl":{"start":{"line":48,"column":35},"end":{"line":48,"column":36}},"loc":{"start":{"line":48,"column":41},"end":{"line":52,"column":5}},"line":48},"4":{"name":"(anonymous_4)","decl":{"start":{"line":54,"column":39},"end":{"line":54,"column":40}},"loc":{"start":{"line":54,"column":45},"end":{"line":60,"column":5}},"line":54},"5":{"name":"(anonymous_5)","decl":{"start":{"line":62,"column":43},"end":{"line":62,"column":44}},"loc":{"start":{"line":62,"column":49},"end":{"line":66,"column":5}},"line":62},"6":{"name":"add","decl":{"start":{"line":72,"column":16},"end":{"line":72,"column":19}},"loc":{"start":{"line":72,"column":23},"end":{"line":80,"column":1}},"line":72},"7":{"name":"deleteAll","decl":{"start":{"line":82,"column":16},"end":{"line":82,"column":25}},"loc":{"start":{"line":82,"column":28},"end":{"line":86,"column":1}},"line":82},"8":{"name":"(anonymous_8)","decl":{"start":{"line":83,"column":31},"end":{"line":83,"column":32}},"loc":{"start":{"line":83,"column":41},"end":{"line":83,"column":55}},"line":83},"9":{"name":"(anonymous_9)","decl":{"start":{"line":88,"column":46},"end":{"line":88,"column":47}},"loc":{"start":{"line":88,"column":52},"end":{"line":96,"column":1}},"line":88}},"branchMap":{"0":{"loc":{"start":{"line":5,"column":2},"end":{"line":5,"column":24}},"type":"if","locations":[{"start":{"line":5,"column":2},"end":{"line":5,"column":24}},{"start":{},"end":{}}],"line":5},"1":{"loc":{"start":{"line":36,"column":4},"end":{"line":39,"column":5}},"type":"if","locations":[{"start":{"line":36,"column":4},"end":{"line":39,"column":5}},{"start":{},"end":{}}],"line":36},"2":{"loc":{"start":{"line":73,"column":2},"end":{"line":79,"column":3}},"type":"if","locations":[{"start":{"line":73,"column":2},"end":{"line":79,"column":3}},{"start":{},"end":{}}],"line":73}},"s":{"0":0,"1":0,"2":0,"3":0,"4":0,"5":0,"6":0,"7":0,"8":0,"9":0,"10":0,"11":0,"12":0,"13":0,"14":0,"15":0,"16":0,"17":0,"18":0,"19":0,"20":0,"21":0,"22":0,"23":0,"24":0,"25":0,"26":0,"27":0,"28":0,"29":0,"30":0,"31":0,"32":0,"33":0,"34":0,"35":0,"36":0,"37":0,"38":0,"39":0,"40":0,"41":0,"42":0,"43":0,"44":0,"45":0,"46":0,"47":0,"48":0,"49":1,"50":0,"51":0,"52":0,"53":0,"54":0,"55":0,"56":0,"57":0,"58":0,"59":1,"60":0,"61":0,"62":0,"63":0,"64":0},"f":{"0":0,"1":0,"2":0,"3":0,"4":0,"5":0,"6":1,"7":0,"8":0,"9":0},"b":{"0":[0,0],"1":[0,0],"2":[0,0]},"_coverageSchema":"1a1c01bbd47fc00a2c39e90264f33305004495a9","hash":"bc95e0f93a00f688837b113bef1404b628a907af"}
}
